[ 2015-12-01T08:11:14+08:00 ] 127.0.0.1 /php3.1.3/Thinkfenzu/index.php/Admin/Index/index
INFO: [ route_check ] --START--
INFO: CheckRoute Behavior ::run [ RunTime:0.021637s ]
INFO: [ route_check ] --END-- [ RunTime:0.057808s ]
INFO: [ app_begin ] --START--
INFO: ReadHtmlCache Behavior ::run [ RunTime:0.013126s ]
INFO: [ app_begin ] --END-- [ RunTime:0.013443s ]

[ 2015-12-01T08:11:14+08:00 ] 127.0.0.1 /php3.1.3/Thinkfenzu/index.php/Admin/Login/index
INFO: [ route_check ] --START--
INFO: CheckRoute Behavior ::run [ RunTime:0.001136s ]
INFO: [ route_check ] --END-- [ RunTime:0.001343s ]
INFO: [ app_begin ] --START--
INFO: ReadHtmlCache Behavior ::run [ RunTime:0.001135s ]
INFO: [ app_begin ] --END-- [ RunTime:0.001375s ]
INFO: [ view_parse ] --START--
INFO: ParseTemplate Behavior ::run [ RunTime:0.051382s ]
INFO: [ view_parse ] --END-- [ RunTime:0.051530s ]
INFO: [ view_filter ] --START--
INFO: ContentReplace Behavior ::run [ RunTime:0.000875s ]
INFO: TokenBuild Behavior ::run [ RunTime:0.000713s ]
INFO: WriteHtmlCache Behavior ::run [ RunTime:0.000650s ]
INFO: ShowRuntime Behavior ::run [ RunTime:0.001039s ]
INFO: [ view_filter ] --END-- [ RunTime:0.003615s ]
INFO: [ view_end ] --START--
INFO: ShowPageTrace Behavior ::run [ RunTime:0.001138s ]
INFO: [ view_end ] --END-- [ RunTime:0.001266s ]

[ 2015-12-01T08:11:15+08:00 ] 127.0.0.1 /php3.1.3/Thinkfenzu/index.php/Admin/Login/verify
INFO: [ route_check ] --START--
INFO: CheckRoute Behavior ::run [ RunTime:0.000733s ]
INFO: [ route_check ] --END-- [ RunTime:0.000864s ]
INFO: [ app_begin ] --START--
INFO: ReadHtmlCache Behavior ::run [ RunTime:0.000534s ]
INFO: [ app_begin ] --END-- [ RunTime:0.000633s ]

[ 2015-12-01T08:11:20+08:00 ] 127.0.0.1 /php3.1.3/Thinkfenzu/index.php/Admin/Login/login
INFO: [ route_check ] --START--
INFO: CheckRoute Behavior ::run [ RunTime:0.000690s ]
INFO: [ route_check ] --END-- [ RunTime:0.000803s ]
INFO: [ app_begin ] --START--
INFO: ReadHtmlCache Behavior ::run [ RunTime:0.000703s ]
INFO: [ app_begin ] --END-- [ RunTime:0.000841s ]
SQL: SHOW COLUMNS FROM `user` [ RunTime:0.067578s ]
SQL: SELECT * FROM `user` WHERE ( `username` = 'admin' ) LIMIT 1   [ RunTime:0.008722s ]
SQL: UPDATE `user` SET `logintime`=1448928680 WHERE ( `id` = 0 ) [ RunTime:0.078457s ]

[ 2015-12-01T08:11:20+08:00 ] 127.0.0.1 /php3.1.3/Thinkfenzu/index.php/Admin/Index/index
INFO: [ route_check ] --START--
INFO: CheckRoute Behavior ::run [ RunTime:0.000616s ]
INFO: [ route_check ] --END-- [ RunTime:0.000723s ]
INFO: [ app_begin ] --START--
INFO: ReadHtmlCache Behavior ::run [ RunTime:0.000467s ]
INFO: [ app_begin ] --END-- [ RunTime:0.000553s ]
INFO: [ view_parse ] --START--
INFO: ParseTemplate Behavior ::run [ RunTime:0.012550s ]
INFO: [ view_parse ] --END-- [ RunTime:0.012664s ]
INFO: [ view_filter ] --START--
INFO: ContentReplace Behavior ::run [ RunTime:0.000478s ]
INFO: TokenBuild Behavior ::run [ RunTime:0.000511s ]
INFO: WriteHtmlCache Behavior ::run [ RunTime:0.000374s ]
INFO: ShowRuntime Behavior ::run [ RunTime:0.000569s ]
INFO: [ view_filter ] --END-- [ RunTime:0.002155s ]
INFO: [ view_end ] --START--
INFO: ShowPageTrace Behavior ::run [ RunTime:0.000661s ]
INFO: [ view_end ] --END-- [ RunTime:0.000740s ]

[ 2015-12-01T08:11:25+08:00 ] 127.0.0.1 /php3.1.3/Thinkfenzu/index.php/Admin/Blog/blog
INFO: [ route_check ] --START--
INFO: CheckRoute Behavior ::run [ RunTime:0.000758s ]
INFO: [ route_check ] --END-- [ RunTime:0.000901s ]
INFO: [ app_begin ] --START--
INFO: ReadHtmlCache Behavior ::run [ RunTime:0.000580s ]
INFO: [ app_begin ] --END-- [ RunTime:0.000725s ]

[ 2015-12-01T08:14:36+08:00 ] 127.0.0.1 /php3.1.3/Thinkfenzu/index.php/Admin/Blog/blog
INFO: [ route_check ] --START--
INFO: CheckRoute Behavior ::run [ RunTime:0.000945s ]
INFO: [ route_check ] --END-- [ RunTime:0.001074s ]
INFO: [ app_begin ] --START--
INFO: ReadHtmlCache Behavior ::run [ RunTime:0.000627s ]
INFO: [ app_begin ] --END-- [ RunTime:0.000766s ]

[ 2015-12-01T08:15:00+08:00 ] 127.0.0.1 /php3.1.3/Thinkfenzu/index.php/Admin/Blog/blog
INFO: [ route_check ] --START--
INFO: CheckRoute Behavior ::run [ RunTime:0.000630s ]
INFO: [ route_check ] --END-- [ RunTime:0.000753s ]
INFO: [ app_begin ] --START--
INFO: ReadHtmlCache Behavior ::run [ RunTime:0.000482s ]
INFO: [ app_begin ] --END-- [ RunTime:0.000564s ]

[ 2015-12-01T08:15:01+08:00 ] 127.0.0.1 /php3.1.3/Thinkfenzu/index.php/Admin/Blog/blog
INFO: [ route_check ] --START--
INFO: CheckRoute Behavior ::run [ RunTime:0.000597s ]
INFO: [ route_check ] --END-- [ RunTime:0.000698s ]
INFO: [ app_begin ] --START--
INFO: ReadHtmlCache Behavior ::run [ RunTime:0.000437s ]
INFO: [ app_begin ] --END-- [ RunTime:0.000519s ]

[ 2015-12-01T08:15:01+08:00 ] 127.0.0.1 /php3.1.3/Thinkfenzu/index.php/Admin/Blog/blog
INFO: [ route_check ] --START--
INFO: CheckRoute Behavior ::run [ RunTime:0.000586s ]
INFO: [ route_check ] --END-- [ RunTime:0.000686s ]
INFO: [ app_begin ] --START--
INFO: ReadHtmlCache Behavior ::run [ RunTime:0.000490s ]
INFO: [ app_begin ] --END-- [ RunTime:0.000572s ]

[ 2015-12-01T08:15:02+08:00 ] 127.0.0.1 /php3.1.3/Thinkfenzu/index.php/Admin/Blog/blog
INFO: [ route_check ] --START--
INFO: CheckRoute Behavior ::run [ RunTime:0.000657s ]
INFO: [ route_check ] --END-- [ RunTime:0.000789s ]
INFO: [ app_begin ] --START--
INFO: ReadHtmlCache Behavior ::run [ RunTime:0.000717s ]
INFO: [ app_begin ] --END-- [ RunTime:0.000914s ]

[ 2015-12-01T08:16:09+08:00 ] 127.0.0.1 /php3.1.3/Thinkfenzu/index.php/Admin/Blog/blog
INFO: [ route_check ] --START--
INFO: CheckRoute Behavior ::run [ RunTime:0.000613s ]
INFO: [ route_check ] --END-- [ RunTime:0.000737s ]
INFO: [ app_begin ] --START--
INFO: ReadHtmlCache Behavior ::run [ RunTime:0.000605s ]
INFO: [ app_begin ] --END-- [ RunTime:0.000852s ]

[ 2015-12-01T08:21:01+08:00 ] 127.0.0.1 /php3.1.3/Thinkfenzu/index.php/Admin/Blog/blog
INFO: [ route_check ] --START--
INFO: CheckRoute Behavior ::run [ RunTime:0.000781s ]
INFO: [ route_check ] --END-- [ RunTime:0.000888s ]
INFO: [ app_begin ] --START--
INFO: ReadHtmlCache Behavior ::run [ RunTime:0.000568s ]
INFO: [ app_begin ] --END-- [ RunTime:0.000653s ]

[ 2015-12-01T08:21:02+08:00 ] 127.0.0.1 /php3.1.3/Thinkfenzu/index.php/Admin/Blog/blog
INFO: [ route_check ] --START--
INFO: CheckRoute Behavior ::run [ RunTime:0.000565s ]
INFO: [ route_check ] --END-- [ RunTime:0.000665s ]
INFO: [ app_begin ] --START--
INFO: ReadHtmlCache Behavior ::run [ RunTime:0.000495s ]
INFO: [ app_begin ] --END-- [ RunTime:0.000578s ]

[ 2015-12-01T08:21:07+08:00 ] 127.0.0.1 /php3.1.3/Thinkfenzu/index.php/Admin/Blog/blog
INFO: [ route_check ] --START--
INFO: CheckRoute Behavior ::run [ RunTime:0.000630s ]
INFO: [ route_check ] --END-- [ RunTime:0.000731s ]
INFO: [ app_begin ] --START--
INFO: ReadHtmlCache Behavior ::run [ RunTime:0.000476s ]
INFO: [ app_begin ] --END-- [ RunTime:0.000558s ]
SQL: SHOW COLUMNS FROM `cate` [ RunTime:0.080575s ]
SQL: SELECT * FROM `cate` ORDER BY sort  [ RunTime:0.018234s ]
SQL: SHOW COLUMNS FROM `attr` [ RunTime:0.012189s ]
SQL: SELECT * FROM `attr` ORDER BY attrid  [ RunTime:0.000399s ]
INFO: [ view_parse ] --START--
INFO: ParseTemplate Behavior ::run [ RunTime:0.122879s ]
INFO: [ view_parse ] --END-- [ RunTime:0.123094s ]
INFO: [ view_filter ] --START--
INFO: ContentReplace Behavior ::run [ RunTime:0.002723s ]
INFO: TokenBuild Behavior ::run [ RunTime:0.001730s ]
INFO: WriteHtmlCache Behavior ::run [ RunTime:0.001310s ]
INFO: ShowRuntime Behavior ::run [ RunTime:0.001846s ]
INFO: [ view_filter ] --END-- [ RunTime:0.008387s ]
INFO: [ view_end ] --START--
INFO: ShowPageTrace Behavior ::run [ RunTime:0.002645s ]
INFO: [ view_end ] --END-- [ RunTime:0.002992s ]

[ 2015-12-01T08:22:44+08:00 ] 127.0.0.1 /php3.1.3/Thinkfenzu/index.php/Admin/Blog/blog
INFO: [ route_check ] --START--
INFO: CheckRoute Behavior ::run [ RunTime:0.000812s ]
INFO: [ route_check ] --END-- [ RunTime:0.000922s ]
INFO: [ app_begin ] --START--
INFO: ReadHtmlCache Behavior ::run [ RunTime:0.000523s ]
INFO: [ app_begin ] --END-- [ RunTime:0.000618s ]

[ 2015-12-01T08:22:46+08:00 ] 127.0.0.1 /php3.1.3/Thinkfenzu/index.php/Admin/Blog/blog
INFO: [ route_check ] --START--
INFO: CheckRoute Behavior ::run [ RunTime:0.000615s ]
INFO: [ route_check ] --END-- [ RunTime:0.000720s ]
INFO: [ app_begin ] --START--
INFO: ReadHtmlCache Behavior ::run [ RunTime:0.000636s ]
INFO: [ app_begin ] --END-- [ RunTime:0.000784s ]

[ 2015-12-01T08:23:18+08:00 ] 127.0.0.1 /php3.1.3/Thinkfenzu/index.php/Admin/Blog/blog
INFO: [ route_check ] --START--
INFO: CheckRoute Behavior ::run [ RunTime:0.000648s ]
INFO: [ route_check ] --END-- [ RunTime:0.000756s ]
INFO: [ app_begin ] --START--
INFO: ReadHtmlCache Behavior ::run [ RunTime:0.000471s ]
INFO: [ app_begin ] --END-- [ RunTime:0.000589s ]
SQL: SHOW COLUMNS FROM `cate` [ RunTime:0.004158s ]
SQL: SELECT * FROM `cate` ORDER BY sort  [ RunTime:0.000318s ]
SQL: SHOW COLUMNS FROM `attr` [ RunTime:0.005394s ]
SQL: SELECT * FROM `attr` ORDER BY attrid  [ RunTime:0.000307s ]
INFO: [ view_parse ] --START--
INFO: ParseTemplate Behavior ::run [ RunTime:0.009517s ]
INFO: [ view_parse ] --END-- [ RunTime:0.009626s ]
INFO: [ view_filter ] --START--
INFO: ContentReplace Behavior ::run [ RunTime:0.001072s ]
INFO: TokenBuild Behavior ::run [ RunTime:0.000670s ]
INFO: WriteHtmlCache Behavior ::run [ RunTime:0.000459s ]
INFO: ShowRuntime Behavior ::run [ RunTime:0.000618s ]
INFO: [ view_filter ] --END-- [ RunTime:0.003239s ]
INFO: [ view_end ] --START--
INFO: ShowPageTrace Behavior ::run [ RunTime:0.000693s ]
INFO: [ view_end ] --END-- [ RunTime:0.000773s ]

[ 2015-12-01T08:24:32+08:00 ] 127.0.0.1 /php3.1.3/Thinkfenzu/index.php/Admin/Blog/blog
INFO: [ route_check ] --START--
INFO: CheckRoute Behavior ::run [ RunTime:0.000876s ]
INFO: [ route_check ] --END-- [ RunTime:0.001004s ]
INFO: [ app_begin ] --START--
INFO: ReadHtmlCache Behavior ::run [ RunTime:0.000611s ]
INFO: [ app_begin ] --END-- [ RunTime:0.000711s ]
SQL: SHOW COLUMNS FROM `cate` [ RunTime:0.003966s ]
SQL: SELECT * FROM `cate` ORDER BY sort  [ RunTime:0.000337s ]
SQL: SHOW COLUMNS FROM `attr` [ RunTime:0.004284s ]
SQL: SELECT * FROM `attr` ORDER BY attrid  [ RunTime:0.000315s ]
INFO: [ view_parse ] --START--
INFO: ParseTemplate Behavior ::run [ RunTime:0.011388s ]
INFO: [ view_parse ] --END-- [ RunTime:0.011554s ]
INFO: [ view_filter ] --START--
INFO: ContentReplace Behavior ::run [ RunTime:0.001064s ]
INFO: TokenBuild Behavior ::run [ RunTime:0.000932s ]
INFO: WriteHtmlCache Behavior ::run [ RunTime:0.000503s ]
INFO: ShowRuntime Behavior ::run [ RunTime:0.000653s ]
INFO: [ view_filter ] --END-- [ RunTime:0.003487s ]
INFO: [ view_end ] --START--
INFO: ShowPageTrace Behavior ::run [ RunTime:0.000983s ]
INFO: [ view_end ] --END-- [ RunTime:0.001099s ]

[ 2015-12-01T08:27:04+08:00 ] 127.0.0.1 /php3.1.3/Thinkfenzu/index.php/Admin/Blog/blog
INFO: [ route_check ] --START--
INFO: CheckRoute Behavior ::run [ RunTime:0.001633s ]
INFO: [ route_check ] --END-- [ RunTime:0.001791s ]
INFO: [ app_begin ] --START--
INFO: ReadHtmlCache Behavior ::run [ RunTime:0.000916s ]
INFO: [ app_begin ] --END-- [ RunTime:0.001028s ]
SQL: SHOW COLUMNS FROM `cate` [ RunTime:0.004118s ]
SQL: SELECT * FROM `cate` ORDER BY sort  [ RunTime:0.000533s ]
SQL: SHOW COLUMNS FROM `attr` [ RunTime:0.003504s ]
SQL: SELECT * FROM `attr` ORDER BY attrid  [ RunTime:0.000328s ]
INFO: [ view_parse ] --START--
INFO: ParseTemplate Behavior ::run [ RunTime:0.010919s ]
INFO: [ view_parse ] --END-- [ RunTime:0.011044s ]
INFO: [ view_filter ] --START--
INFO: ContentReplace Behavior ::run [ RunTime:0.000788s ]
INFO: TokenBuild Behavior ::run [ RunTime:0.000806s ]
INFO: WriteHtmlCache Behavior ::run [ RunTime:0.000629s ]
INFO: ShowRuntime Behavior ::run [ RunTime:0.000845s ]
INFO: [ view_filter ] --END-- [ RunTime:0.003314s ]
INFO: [ view_end ] --START--
INFO: ShowPageTrace Behavior ::run [ RunTime:0.000942s ]
INFO: [ view_end ] --END-- [ RunTime:0.001036s ]

[ 2015-12-01T14:30:50+08:00 ] 127.0.0.1 /php3.1.3/Thinkfenzu/index.php/Admin/Blog/index
ERR: XML标签语法错误 : name='<?php echo ($v["attr"]); ?

[ 2015-12-01T19:02:29+08:00 ] 127.0.0.1 /php3.1.3/Thinkfenzu/index.php/css/navigation.css
ERR: 无法加载模块:css

[ 2015-12-01T19:03:36+08:00 ] 127.0.0.1 /php3.1.3/Thinkfenzu/index.php/css/navigation.css
ERR: 无法加载模块:css

[ 2015-12-01T19:03:37+08:00 ] 127.0.0.1 /php3.1.3/Thinkfenzu/index.php/css/navigation.css
ERR: 无法加载模块:css

[ 2015-12-01T19:04:47+08:00 ] 127.0.0.1 /php3.1.3/Thinkfenzu/index.php/css/navigation.css
ERR: 无法加载模块:css

[ 2015-12-01T19:04:54+08:00 ] 127.0.0.1 /php3.1.3/Thinkfenzu/index.php/css/navigation.css
ERR: 无法加载模块:css

[ 2015-12-01T19:05:09+08:00 ] 127.0.0.1 /php3.1.3/Thinkfenzu/index.php/css/navigation.css
ERR: 无法加载模块:css

[ 2015-12-01T19:06:19+08:00 ] 127.0.0.1 /php3.1.3/Thinkfenzu/index.php/css/navigation.css
ERR: 无法加载模块:css

[ 2015-12-01T19:07:28+08:00 ] 127.0.0.1 /php3.1.3/Thinkfenzu/index.php/css/navigation.css
ERR: 无法加载模块:css

[ 2015-12-01T19:07:49+08:00 ] 127.0.0.1 /php3.1.3/Thinkfenzu/index.php/css/navigation.css
ERR: 无法加载模块:css

[ 2015-12-01T19:08:11+08:00 ] 127.0.0.1 /php3.1.3/Thinkfenzu/index.php/css/navigation.css
ERR: 无法加载模块:css

[ 2015-12-01T19:40:48+08:00 ] 127.0.0.1 /php3.1.3/Thinkfenzu/index.php/Index/homepage/homepage
ERR: 无法加载模块:homepage

[ 2015-12-01T19:48:23+08:00 ] 127.0.0.1 /php3.1.3/Thinkfenzu/index.php/Index/Homepage/homepage.html
INFO: [ app_begin ] --START--
INFO: ReadHtmlCache Behavior ::run [ RunTime:0.000585s ]
INFO: [ app_begin ] --END-- [ RunTime:0.000661s ]
INFO: [ view_parse ] --START--
INFO: ParseTemplate Behavior ::run [ RunTime:0.011654s ]
INFO: [ view_parse ] --END-- [ RunTime:0.011841s ]
INFO: [ view_filter ] --START--
INFO: ContentReplace Behavior ::run [ RunTime:0.000641s ]
INFO: TokenBuild Behavior ::run [ RunTime:0.000541s ]
INFO: WriteHtmlCache Behavior ::run [ RunTime:0.000436s ]
INFO: ShowRuntime Behavior ::run [ RunTime:0.000590s ]
INFO: [ view_filter ] --END-- [ RunTime:0.002581s ]
INFO: [ view_end ] --START--
INFO: ShowPageTrace Behavior ::run [ RunTime:0.000636s ]
INFO: [ view_end ] --END-- [ RunTime:0.000703s ]

