[ 2015-11-25T19:39:05+08:00 ] 127.0.0.1 /php3.1.3/Thinkfenzu/index.php/Admin/Login/index
INFO: [ route_check ] --START--
INFO: CheckRoute Behavior ::run [ RunTime:0.027186s ]
INFO: [ route_check ] --END-- [ RunTime:0.043343s ]
INFO: [ app_begin ] --START--
INFO: ReadHtmlCache Behavior ::run [ RunTime:0.005949s ]
INFO: [ app_begin ] --END-- [ RunTime:0.006245s ]
INFO: [ view_parse ] --START--
INFO: ParseTemplate Behavior ::run [ RunTime:0.046056s ]
INFO: [ view_parse ] --END-- [ RunTime:0.046269s ]
INFO: [ view_filter ] --START--
INFO: ContentReplace Behavior ::run [ RunTime:0.001146s ]
INFO: TokenBuild Behavior ::run [ RunTime:0.001260s ]
INFO: WriteHtmlCache Behavior ::run [ RunTime:0.000949s ]
INFO: ShowRuntime Behavior ::run [ RunTime:0.001298s ]
INFO: [ view_filter ] --END-- [ RunTime:0.005124s ]
INFO: [ view_end ] --START--
INFO: ShowPageTrace Behavior ::run [ RunTime:0.001559s ]
INFO: [ view_end ] --END-- [ RunTime:0.001743s ]

[ 2015-11-25T19:39:05+08:00 ] 127.0.0.1 /php3.1.3/Thinkfenzu/index.php/Admin/Login/verify.html
INFO: [ route_check ] --START--
INFO: CheckRoute Behavior ::run [ RunTime:0.000998s ]
INFO: [ route_check ] --END-- [ RunTime:0.001169s ]
INFO: [ app_begin ] --START--
INFO: ReadHtmlCache Behavior ::run [ RunTime:0.000763s ]
INFO: [ app_begin ] --END-- [ RunTime:0.000909s ]

[ 2015-11-25T19:41:40+08:00 ] 127.0.0.1 /php3.1.3/Thinkfenzu/index.php/Admin/Login/index
INFO: [ route_check ] --START--
INFO: CheckRoute Behavior ::run [ RunTime:0.000902s ]
INFO: [ route_check ] --END-- [ RunTime:0.001014s ]
INFO: [ app_begin ] --START--
INFO: ReadHtmlCache Behavior ::run [ RunTime:0.000524s ]
INFO: [ app_begin ] --END-- [ RunTime:0.000610s ]
NOTIC: [8] Use of undefined constant session - assumed 'session' D:\Demo\test01\php3.1.3\Thinkfenzu\App\Lib\Action\Admin\LoginAction.class.php 第 10 行.

[ 2015-11-25T19:44:12+08:00 ] 127.0.0.1 /php3.1.3/Thinkfenzu/index.php/Admin/Login/index
INFO: [ route_check ] --START--
INFO: CheckRoute Behavior ::run [ RunTime:0.000739s ]
INFO: [ route_check ] --END-- [ RunTime:0.000887s ]
INFO: [ app_begin ] --START--
INFO: ReadHtmlCache Behavior ::run [ RunTime:0.000536s ]
INFO: [ app_begin ] --END-- [ RunTime:0.000627s ]

[ 2015-11-25T19:46:13+08:00 ] 127.0.0.1 /php3.1.3/Thinkfenzu/index.php/Admin/Login/index
INFO: [ route_check ] --START--
INFO: CheckRoute Behavior ::run [ RunTime:0.000737s ]
INFO: [ route_check ] --END-- [ RunTime:0.000844s ]
INFO: [ app_begin ] --START--
INFO: ReadHtmlCache Behavior ::run [ RunTime:0.000560s ]
INFO: [ app_begin ] --END-- [ RunTime:0.000655s ]
NOTIC: [8] Use of undefined constant SESSION_ID - assumed 'SESSION_ID' D:\Demo\test01\php3.1.3\Thinkfenzu\App\Lib\Action\Admin\LoginAction.class.php 第 10 行.

[ 2015-11-25T19:49:32+08:00 ] 127.0.0.1 /php3.1.3/Thinkfenzu/index.php/Admin/Login/index
INFO: [ route_check ] --START--
INFO: CheckRoute Behavior ::run [ RunTime:0.000905s ]
INFO: [ route_check ] --END-- [ RunTime:0.001015s ]
INFO: [ app_begin ] --START--
INFO: ReadHtmlCache Behavior ::run [ RunTime:0.000690s ]
INFO: [ app_begin ] --END-- [ RunTime:0.000792s ]

[ 2015-11-25T19:49:34+08:00 ] 127.0.0.1 /php3.1.3/Thinkfenzu/index.php/Admin/Login/index
INFO: [ route_check ] --START--
INFO: CheckRoute Behavior ::run [ RunTime:0.000563s ]
INFO: [ route_check ] --END-- [ RunTime:0.000664s ]
INFO: [ app_begin ] --START--
INFO: ReadHtmlCache Behavior ::run [ RunTime:0.000534s ]
INFO: [ app_begin ] --END-- [ RunTime:0.000633s ]

[ 2015-11-25T19:55:16+08:00 ] 127.0.0.1 /php3.1.3/Thinkfenzu/index.php/Admin/Login/index
INFO: [ route_check ] --START--
INFO: CheckRoute Behavior ::run [ RunTime:0.000792s ]
INFO: [ route_check ] --END-- [ RunTime:0.000914s ]
INFO: [ app_begin ] --START--
INFO: ReadHtmlCache Behavior ::run [ RunTime:0.000649s ]
INFO: [ app_begin ] --END-- [ RunTime:0.000789s ]

[ 2015-11-25T19:55:26+08:00 ] 127.0.0.1 /php3.1.3/Thinkfenzu/index.php/Admin/Login/index
INFO: [ route_check ] --START--
INFO: CheckRoute Behavior ::run [ RunTime:0.000733s ]
INFO: [ route_check ] --END-- [ RunTime:0.000883s ]
INFO: [ app_begin ] --START--
INFO: ReadHtmlCache Behavior ::run [ RunTime:0.002423s ]
INFO: [ app_begin ] --END-- [ RunTime:0.002717s ]

[ 2015-11-25T20:02:45+08:00 ] 127.0.0.1 /php3.1.3/Thinkfenzu/index.php/Admin/Login/index
INFO: [ route_check ] --START--
INFO: CheckRoute Behavior ::run [ RunTime:0.000788s ]
INFO: [ route_check ] --END-- [ RunTime:0.000919s ]
INFO: [ app_begin ] --START--
INFO: ReadHtmlCache Behavior ::run [ RunTime:0.000551s ]
INFO: [ app_begin ] --END-- [ RunTime:0.000648s ]

